{
  "RSpec": {
    "coverage": {
      "/home/fabiane/Documentos/Felipe/MicroBlog/app/models/usuario.rb": [
        1,
        null,
        1,
        null,
        null,
        1,
        null,
        null,
        null,
        1,
        null,
        1,
        1,
        null,
        1,
        null,
        null,
        1,
        null,
        null,
        null,
        1,
        1,
        null,
        1,
        null,
        1,
        0,
        null,
        null,
        1,
        0,
        null,
        null,
        1,
        0,
        null,
        null,
        null,
        null
      ],
      "/home/fabiane/Documentos/Felipe/MicroBlog/app/models/application_record.rb": [
        1,
        1,
        null
      ],
      "/home/fabiane/Documentos/Felipe/MicroBlog/app/helpers/application_helper.rb": [
        1,
        null,
        null,
        null,
        null
      ],
      "/home/fabiane/Documentos/Felipe/MicroBlog/app/helpers/tweet_helper.rb": [
        1,
        null,
        null,
        null
      ],
      "/home/fabiane/Documentos/Felipe/MicroBlog/app/helpers/usuario_helper.rb": [
        1,
        null,
        1,
        0,
        null,
        null,
        null
      ],
      "/home/fabiane/Documentos/Felipe/MicroBlog/app/controllers/tweets_controller.rb": [
        1,
        null,
        1,
        null,
        null,
        null,
        null,
        1,
        0,
        null,
        0,
        0,
        null,
        null,
        null,
        null,
        null,
        1,
        null,
        null,
        null,
        null,
        1,
        0,
        null,
        null,
        null,
        null,
        1,
        null,
        null,
        null,
        null,
        null,
        1,
        null,
        0,
        null,
        0,
        0,
        null,
        0,
        0,
        null,
        0,
        0,
        null,
        null,
        null,
        null,
        null,
        null,
        1,
        0,
        null,
        0,
        null,
        0,
        0,
        null,
        0,
        0,
        null,
        null,
        null,
        null,
        null,
        null,
        1,
        0,
        0,
        0,
        0,
        null,
        null,
        null,
        null,
        null,
        1,
        null,
        null,
        null,
        1,
        0,
        null,
        null,
        null,
        1,
        0,
        null,
        null,
        null,
        null
      ],
      "/home/fabiane/Documentos/Felipe/MicroBlog/app/controllers/application_controller.rb": [
        1,
        1,
        null,
        1,
        null,
        1,
        null,
        1,
        null,
        1,
        0,
        0,
        null,
        null
      ],
      "/home/fabiane/Documentos/Felipe/MicroBlog/app/controllers/usuarios_controller.rb": [
        1,
        null,
        1,
        null,
        1,
        null,
        0,
        0,
        null,
        0,
        null,
        null,
        null,
        null,
        null,
        null,
        1,
        0,
        null,
        null,
        1,
        0,
        0,
        0,
        null,
        null,
        1,
        0,
        0,
        0,
        null,
        null,
        1,
        null,
        null,
        1,
        0,
        null,
        null,
        null
      ],
      "/home/fabiane/Documentos/Felipe/MicroBlog/app/models/tweet.rb": [
        1,
        null,
        1,
        null,
        1,
        1,
        null,
        null,
        1,
        null,
        null,
        null
      ]
    },
    "timestamp": 1485887400
  }
}
